{"C:\\Users\\adria\\Desktop\\dev\\Projects\\scrapple\\reflectingModuleMock.js": {"path":"C:\\Users\\adria\\Desktop\\dev\\Projects\\scrapple\\reflectingModuleMock.js","statementMap":{"0":{"start":{"line":9,"column":16},"end":{"line":16,"column":1}},"1":{"start":{"line":11,"column":4},"end":{"line":13,"column":5}},"2":{"start":{"line":12,"column":6},"end":{"line":12,"column":30}},"3":{"start":{"line":14,"column":4},"end":{"line":14,"column":20}},"4":{"start":{"line":18,"column":22},"end":{"line":18,"column":24}},"5":{"start":{"line":20,"column":20},"end":{"line":20,"column":53}},"6":{"start":{"line":22,"column":0},"end":{"line":25,"column":2}}},"fnMap":{"0":{"name":"(anonymous_0)","decl":{"start":{"line":10,"column":2},"end":{"line":10,"column":3}},"loc":{"start":{"line":10,"column":24},"end":{"line":15,"column":3}},"line":10}},"branchMap":{"0":{"loc":{"start":{"line":11,"column":4},"end":{"line":13,"column":5}},"type":"if","locations":[{"start":{"line":11,"column":4},"end":{"line":13,"column":5}},{"start":{"line":11,"column":4},"end":{"line":13,"column":5}}],"line":11}},"s":{"0":1,"1":3,"2":0,"3":3,"4":1,"5":1,"6":1},"f":{"0":3},"b":{"0":[0,3]},"_coverageSchema":"1a1c01bbd47fc00a2c39e90264f33305004495a9","hash":"d43f5995b7c80d0b4f974559d361c236ac671c18"}
,"C:\\Users\\adria\\Desktop\\dev\\Projects\\scrapple\\src\\js\\components\\global_components\\button\\button.js": {"path":"C:\\Users\\adria\\Desktop\\dev\\Projects\\scrapple\\src\\js\\components\\global_components\\button\\button.js","statementMap":{"0":{"start":{"line":4,"column":15},"end":{"line":4,"column":96}},"1":{"start":{"line":4,"column":26},"end":{"line":4,"column":96}}},"fnMap":{"0":{"name":"(anonymous_0)","decl":{"start":{"line":4,"column":15},"end":{"line":4,"column":16}},"loc":{"start":{"line":4,"column":26},"end":{"line":4,"column":96}},"line":4}},"branchMap":{},"s":{"0":1,"1":3},"f":{"0":3},"b":{},"_coverageSchema":"1a1c01bbd47fc00a2c39e90264f33305004495a9","hash":"9100eef2ee32fae2fe72eda449df0c51714244a4"}
}
